[2025-07-30 13:20:22] [INFO] EXIT: Neovim exiting
[2025-07-30 13:20:25] [ERROR] LUA_ERROR: Lua error: 'fzf_native' extension doesn't exist or isn't installed: module 'telescope._extensions.fzf_native' not found:
	no field package.preload['telescope._extensions.fzf_native']
cache_loader: module telescope._extensions.fzf_native not found
cache_loader_lib: module telescope._extensions.fzf_native not found
	no file '.\telescope\_extensions\fzf_native.lua'
	no file 'C:\Program Files\Neovim\bin\lua\telescope\_extensions\fzf_native.lua'
	no file 'C:\Program Files\Neovim\bin\lua\telescope\_extensions\fzf_native\init.lua'
	no file 'C:\Users\jacob\AppData\Local\nvim-data/lazy-rocks/telescope.nvim/share/lua/5.1/telescope\_extensions\fzf_native.lua'
	no file 'C:\Users\jacob\AppData\Local\nvim-data/lazy-rocks/telescope.nvim/share/lua/5.1/telescope\_extensions\fzf_native/init.lua'
	no file '.\telescope\_extensions\fzf_native.dll'
	no file 'C:\Program Files\Neovim\bin\telescope\_extensions\fzf_native.dll'
	no file 'C:\Program Files\Neovim\bin\loadall.dll'
	no file 'C:\Users\jacob\AppData\Local\nvim-data/lazy-rocks/telescope.nvim/lib/lua/5.1/telescope\_extensions\fzf_native.dll'
	no file 'C:\Users\jacob\AppData\Local\nvim-data/lazy-rocks/telescope.nvim/lib64/lua/5.1/telescope\_extensions\fzf_native.dll'
	no file '.\telescope.dll'
	no file 'C:\Program Files\Neovim\bin\telescope.dll'
	no file 'C:\Program Files\Neovim\bin\loadall.dll'
	no file 'C:\Users\jacob\AppData\Local\nvim-data/lazy-rocks/telescope.nvim/lib/lua/5.1/telescope.dll'
	no file 'C:\Users\jacob\AppData\Local\nvim-data/lazy-rocks/telescope.nvim/lib64/lua/5.1/telescope.dll'
[2025-07-30 13:20:30] [ERROR] LUA_ERROR: Lua error: ...m-data/lazy/gitsigns.nvim/lua/gitsigns/system/compat.lua:202: E5560: Vimscript function must not be called in a lua loop callback
stack traceback:
	[thread: 0x027b6b52bd40] [C]: in function 'asystem'
	[thread: 0x027b6b52bd40] ...al/nvim-data/lazy/gitsigns.nvim/lua/gitsigns/git/cmd.lua:52: in function 'command'
	[thread: 0x027b6b52bd40] ...l/nvim-data/lazy/gitsigns.nvim/lua/gitsigns/git/repo.lua:195: in function 'new'
	[thread: 0x027b6b52bd40] ...l/nvim-data/lazy/gitsigns.nvim/lua/gitsigns/git/repo.lua:231: in function <...l/nvim-data/lazy/gitsigns.nvim/lua/gitsigns/git/repo.lua:225>
	[thread: 0x027b6b52bd40] [C]: in function 'pcall'
	[thread: 0x027b6b52bd40] ...ocal/nvim-data/lazy/gitsigns.nvim/lua/gitsigns/async.lua:648: in function 'get'
	[thread: 0x027b6b52bd40] .../Local/nvim-data/lazy/gitsigns.nvim/lua/gitsigns/git.lua:236: in function 'new'
	[thread: 0x027b6b52bd40] ...cal/nvim-data/lazy/gitsigns.nvim/lua/gitsigns/attach.lua:305: in function 'fn'
	[thread: 0x027b6b52bd40] ...l/nvim-data/lazy/gitsigns.nvim/lua/gitsigns/debounce.lua:78: in function 'attach'
	[thread: 0x027b6b52bd40] ...al/nvim-data/lazy/gitsigns.nvim/lua/gitsigns/actions.lua:94: in function <...al/nvim-data/lazy/gitsigns.nvim/lua/gitsigns/actions.lua:93>
[2025-07-30 13:20:30] [ERROR] LUA_ERROR: Lua error: ...m-data/lazy/gitsigns.nvim/lua/gitsigns/system/compat.lua:202: E5560: Vimscript function must not be called in a lua loop callback
stack traceback:
	[thread: 0x027b6b52bd40] [C]: in function 'asystem'
	[thread: 0x027b6b52bd40] ...al/nvim-data/lazy/gitsigns.nvim/lua/gitsigns/git/cmd.lua:52: in function 'command'
	[thread: 0x027b6b52bd40] ...l/nvim-data/lazy/gitsigns.nvim/lua/gitsigns/git/repo.lua:195: in function 'new'
	[thread: 0x027b6b52bd40] ...l/nvim-data/lazy/gitsigns.nvim/lua/gitsigns/git/repo.lua:231: in function <...l/nvim-data/lazy/gitsigns.nvim/lua/gitsigns/git/repo.lua:225>
	[thread: 0x027b6b52bd40] [C]: in function 'pcall'
	[thread: 0x027b6b52bd40] ...ocal/nvim-data/lazy/gitsigns.nvim/lua/gitsigns/async.lua:648: in function 'get'
	[thread: 0x027b6b52bd40] .../Local/nvim-data/lazy/gitsigns.nvim/lua/gitsigns/git.lua:236: in function 'new'
	[thread: 0x027b6b52bd40] ...cal/nvim-data/lazy/gitsigns.nvim/lua/gitsigns/attach.lua:305: in function 'fn'
	[thread: 0x027b6b52bd40] ...l/nvim-data/lazy/gitsigns.nvim/lua/gitsigns/debounce.lua:78: in function 'attach'
	[thread: 0x027b6b52bd40] ...al/nvim-data/lazy/gitsigns.nvim/lua/gitsigns/actions.lua:94: in function <...al/nvim-data/lazy/gitsigns.nvim/lua/gitsigns/actions.lua:93>
[2025-07-30 13:21:50] [WARN] lazy.nvim: # Config Change Detected. Reloading...

- **changed**: `~/AppData/Local/nvim/lua/plugins/lspconfig.lua`
[2025-07-30 13:23:06] [WARN] lazy.nvim: # Config Change Detected. Reloading...

- **changed**: `~/AppData/Local/nvim/lua/plugins/lspconfig.lua`
[2025-07-30 13:31:38] [WARN] lazy.nvim: # Config Change Detected. Reloading...

- **changed**: `~/AppData/Local/nvim/lua/plugins/lspconfig.lua`
[2025-07-30 13:32:18] [INFO] EXIT: Neovim exiting
[2025-07-30 13:32:21] [ERROR] LUA_ERROR: Lua error: 'fzf_native' extension doesn't exist or isn't installed: module 'telescope._extensions.fzf_native' not found:
	no field package.preload['telescope._extensions.fzf_native']
cache_loader: module telescope._extensions.fzf_native not found
cache_loader_lib: module telescope._extensions.fzf_native not found
	no file '.\telescope\_extensions\fzf_native.lua'
	no file 'C:\Program Files\Neovim\bin\lua\telescope\_extensions\fzf_native.lua'
	no file 'C:\Program Files\Neovim\bin\lua\telescope\_extensions\fzf_native\init.lua'
	no file 'C:\Users\jacob\AppData\Local\nvim-data/lazy-rocks/telescope.nvim/share/lua/5.1/telescope\_extensions\fzf_native.lua'
	no file 'C:\Users\jacob\AppData\Local\nvim-data/lazy-rocks/telescope.nvim/share/lua/5.1/telescope\_extensions\fzf_native/init.lua'
	no file '.\telescope\_extensions\fzf_native.dll'
	no file 'C:\Program Files\Neovim\bin\telescope\_extensions\fzf_native.dll'
	no file 'C:\Program Files\Neovim\bin\loadall.dll'
	no file 'C:\Users\jacob\AppData\Local\nvim-data/lazy-rocks/telescope.nvim/lib/lua/5.1/telescope\_extensions\fzf_native.dll'
	no file 'C:\Users\jacob\AppData\Local\nvim-data/lazy-rocks/telescope.nvim/lib64/lua/5.1/telescope\_extensions\fzf_native.dll'
	no file '.\telescope.dll'
	no file 'C:\Program Files\Neovim\bin\telescope.dll'
	no file 'C:\Program Files\Neovim\bin\loadall.dll'
	no file 'C:\Users\jacob\AppData\Local\nvim-data/lazy-rocks/telescope.nvim/lib/lua/5.1/telescope.dll'
	no file 'C:\Users\jacob\AppData\Local\nvim-data/lazy-rocks/telescope.nvim/lib64/lua/5.1/telescope.dll'
[2025-07-30 13:32:25] [ERROR] LUA_ERROR: Lua error: ...m-data/lazy/gitsigns.nvim/lua/gitsigns/system/compat.lua:202: E5560: Vimscript function must not be called in a lua loop callback
stack traceback:
	[thread: 0x023803d58de8] [C]: in function 'asystem'
	[thread: 0x023803d58de8] ...al/nvim-data/lazy/gitsigns.nvim/lua/gitsigns/git/cmd.lua:52: in function 'command'
	[thread: 0x023803d58de8] ...l/nvim-data/lazy/gitsigns.nvim/lua/gitsigns/git/repo.lua:195: in function 'new'
	[thread: 0x023803d58de8] ...l/nvim-data/lazy/gitsigns.nvim/lua/gitsigns/git/repo.lua:231: in function <...l/nvim-data/lazy/gitsigns.nvim/lua/gitsigns/git/repo.lua:225>
	[thread: 0x023803d58de8] [C]: in function 'pcall'
	[thread: 0x023803d58de8] ...ocal/nvim-data/lazy/gitsigns.nvim/lua/gitsigns/async.lua:648: in function 'get'
	[thread: 0x023803d58de8] .../Local/nvim-data/lazy/gitsigns.nvim/lua/gitsigns/git.lua:236: in function 'new'
	[thread: 0x023803d58de8] ...cal/nvim-data/lazy/gitsigns.nvim/lua/gitsigns/attach.lua:305: in function 'fn'
	[thread: 0x023803d58de8] ...l/nvim-data/lazy/gitsigns.nvim/lua/gitsigns/debounce.lua:78: in function 'attach'
	[thread: 0x023803d58de8] ...al/nvim-data/lazy/gitsigns.nvim/lua/gitsigns/actions.lua:94: in function <...al/nvim-data/lazy/gitsigns.nvim/lua/gitsigns/actions.lua:93>
[2025-07-30 13:32:25] [ERROR] LUA_ERROR: Lua error: ...m-data/lazy/gitsigns.nvim/lua/gitsigns/system/compat.lua:202: E5560: Vimscript function must not be called in a lua loop callback
stack traceback:
	[thread: 0x023803d58de8] [C]: in function 'asystem'
	[thread: 0x023803d58de8] ...al/nvim-data/lazy/gitsigns.nvim/lua/gitsigns/git/cmd.lua:52: in function 'command'
	[thread: 0x023803d58de8] ...l/nvim-data/lazy/gitsigns.nvim/lua/gitsigns/git/repo.lua:195: in function 'new'
	[thread: 0x023803d58de8] ...l/nvim-data/lazy/gitsigns.nvim/lua/gitsigns/git/repo.lua:231: in function <...l/nvim-data/lazy/gitsigns.nvim/lua/gitsigns/git/repo.lua:225>
	[thread: 0x023803d58de8] [C]: in function 'pcall'
	[thread: 0x023803d58de8] ...ocal/nvim-data/lazy/gitsigns.nvim/lua/gitsigns/async.lua:648: in function 'get'
	[thread: 0x023803d58de8] .../Local/nvim-data/lazy/gitsigns.nvim/lua/gitsigns/git.lua:236: in function 'new'
	[thread: 0x023803d58de8] ...cal/nvim-data/lazy/gitsigns.nvim/lua/gitsigns/attach.lua:305: in function 'fn'
	[thread: 0x023803d58de8] ...l/nvim-data/lazy/gitsigns.nvim/lua/gitsigns/debounce.lua:78: in function 'attach'
	[thread: 0x023803d58de8] ...al/nvim-data/lazy/gitsigns.nvim/lua/gitsigns/actions.lua:94: in function <...al/nvim-data/lazy/gitsigns.nvim/lua/gitsigns/actions.lua:93>
[2025-07-30 13:33:50] [WARN] lazy.nvim: # Config Change Detected. Reloading...

- **changed**: `~/AppData/Local/nvim/lua/plugins/git.lua`
[2025-07-30 13:35:59] [WARN] lazy.nvim: # Config Change Detected. Reloading...

- **changed**: `~/AppData/Local/nvim/lua/plugins/git.lua`
[2025-07-30 13:35:59] [WARN] lazy.nvim: # Config Change Detected. Reloading...

- **changed**: `~/AppData/Local/nvim/lua/plugins/init.lua`
[2025-07-30 13:35:59] [WARN] lazy.nvim: # Config Change Detected. Reloading...

- **changed**: `~/AppData/Local/nvim/lua/plugins/init.lua`
[2025-07-30 13:35:59] [INFO] EXIT: Neovim exiting
[2025-07-30 13:36:12] [ERROR] LUA_ERROR: Lua error: 'fzf_native' extension doesn't exist or isn't installed: module 'telescope._extensions.fzf_native' not found:
	no field package.preload['telescope._extensions.fzf_native']
cache_loader: module telescope._extensions.fzf_native not found
cache_loader_lib: module telescope._extensions.fzf_native not found
	no file '.\telescope\_extensions\fzf_native.lua'
	no file 'C:\Program Files\Neovim\bin\lua\telescope\_extensions\fzf_native.lua'
	no file 'C:\Program Files\Neovim\bin\lua\telescope\_extensions\fzf_native\init.lua'
	no file 'C:\Users\jacob\AppData\Local\nvim-data/lazy-rocks/telescope.nvim/share/lua/5.1/telescope\_extensions\fzf_native.lua'
	no file 'C:\Users\jacob\AppData\Local\nvim-data/lazy-rocks/telescope.nvim/share/lua/5.1/telescope\_extensions\fzf_native/init.lua'
	no file '.\telescope\_extensions\fzf_native.dll'
	no file 'C:\Program Files\Neovim\bin\telescope\_extensions\fzf_native.dll'
	no file 'C:\Program Files\Neovim\bin\loadall.dll'
	no file 'C:\Users\jacob\AppData\Local\nvim-data/lazy-rocks/telescope.nvim/lib/lua/5.1/telescope\_extensions\fzf_native.dll'
	no file 'C:\Users\jacob\AppData\Local\nvim-data/lazy-rocks/telescope.nvim/lib64/lua/5.1/telescope\_extensions\fzf_native.dll'
	no file '.\telescope.dll'
	no file 'C:\Program Files\Neovim\bin\telescope.dll'
	no file 'C:\Program Files\Neovim\bin\loadall.dll'
	no file 'C:\Users\jacob\AppData\Local\nvim-data/lazy-rocks/telescope.nvim/lib/lua/5.1/telescope.dll'
	no file 'C:\Users\jacob\AppData\Local\nvim-data/lazy-rocks/telescope.nvim/lib64/lua/5.1/telescope.dll'
[2025-07-30 13:36:15] [ERROR] LUA_ERROR: Lua error: ...m-data/lazy/gitsigns.nvim/lua/gitsigns/system/compat.lua:202: E5560: Vimscript function must not be called in a lua loop callback
stack traceback:
	[thread: 0x017c5756f5e8] [C]: in function 'asystem'
	[thread: 0x017c5756f5e8] ...al/nvim-data/lazy/gitsigns.nvim/lua/gitsigns/git/cmd.lua:52: in function 'command'
	[thread: 0x017c5756f5e8] ...l/nvim-data/lazy/gitsigns.nvim/lua/gitsigns/git/repo.lua:195: in function 'new'
	[thread: 0x017c5756f5e8] ...l/nvim-data/lazy/gitsigns.nvim/lua/gitsigns/git/repo.lua:231: in function <...l/nvim-data/lazy/gitsigns.nvim/lua/gitsigns/git/repo.lua:225>
	[thread: 0x017c5756f5e8] [C]: in function 'pcall'
	[thread: 0x017c5756f5e8] ...ocal/nvim-data/lazy/gitsigns.nvim/lua/gitsigns/async.lua:648: in function 'get'
	[thread: 0x017c5756f5e8] .../Local/nvim-data/lazy/gitsigns.nvim/lua/gitsigns/git.lua:236: in function 'new'
	[thread: 0x017c5756f5e8] ...cal/nvim-data/lazy/gitsigns.nvim/lua/gitsigns/attach.lua:305: in function 'fn'
	[thread: 0x017c5756f5e8] ...l/nvim-data/lazy/gitsigns.nvim/lua/gitsigns/debounce.lua:78: in function 'attach'
	[thread: 0x017c5756f5e8] ...al/nvim-data/lazy/gitsigns.nvim/lua/gitsigns/actions.lua:94: in function <...al/nvim-data/lazy/gitsigns.nvim/lua/gitsigns/actions.lua:93>
[2025-07-30 13:36:15] [ERROR] LUA_ERROR: Lua error: ...m-data/lazy/gitsigns.nvim/lua/gitsigns/system/compat.lua:202: E5560: Vimscript function must not be called in a lua loop callback
stack traceback:
	[thread: 0x017c5756f5e8] [C]: in function 'asystem'
	[thread: 0x017c5756f5e8] ...al/nvim-data/lazy/gitsigns.nvim/lua/gitsigns/git/cmd.lua:52: in function 'command'
	[thread: 0x017c5756f5e8] ...l/nvim-data/lazy/gitsigns.nvim/lua/gitsigns/git/repo.lua:195: in function 'new'
	[thread: 0x017c5756f5e8] ...l/nvim-data/lazy/gitsigns.nvim/lua/gitsigns/git/repo.lua:231: in function <...l/nvim-data/lazy/gitsigns.nvim/lua/gitsigns/git/repo.lua:225>
	[thread: 0x017c5756f5e8] [C]: in function 'pcall'
	[thread: 0x017c5756f5e8] ...ocal/nvim-data/lazy/gitsigns.nvim/lua/gitsigns/async.lua:648: in function 'get'
	[thread: 0x017c5756f5e8] .../Local/nvim-data/lazy/gitsigns.nvim/lua/gitsigns/git.lua:236: in function 'new'
	[thread: 0x017c5756f5e8] ...cal/nvim-data/lazy/gitsigns.nvim/lua/gitsigns/attach.lua:305: in function 'fn'
	[thread: 0x017c5756f5e8] ...l/nvim-data/lazy/gitsigns.nvim/lua/gitsigns/debounce.lua:78: in function 'attach'
	[thread: 0x017c5756f5e8] ...al/nvim-data/lazy/gitsigns.nvim/lua/gitsigns/actions.lua:94: in function <...al/nvim-data/lazy/gitsigns.nvim/lua/gitsigns/actions.lua:93>
[2025-07-30 13:36:34] [WARN] lazy.nvim: # Config Change Detected. Reloading...

- **changed**: `~/AppData/Local/nvim/lua/plugins/git.lua`
